<?xml version="1.0" encoding="UTF-8"?>
<!-- Generated by org.testng.reporters.JUnitXMLReporter -->
<testsuite hostname="SANGEETHA-PC" ignored="31" name="Test(failed)(failed)" tests="3" failures="2" timestamp="18 Aug 2020 10:07:18 GMT" time="374.044" errors="0">
  <testcase name="validateTC_AI_064" time="68.621" classname="Test.AudienceTest"/>
  <testcase name="validateTC_AI_087" time="63.456" classname="Test.AudienceTest">
    <failure type="org.openqa.selenium.NoSuchElementException" message="no such element: Unable to locate element: {&amp;quot;method&amp;quot;:&amp;quot;xpath&amp;quot;,&amp;quot;selector&amp;quot;:&amp;quot;//div[contains(text(),&amp;apos;Staff account created successfully, an activation email has been send to the registered email address.&amp;apos;)]&amp;quot;}
  (Session info: chrome=84.0.4147.125)
  (Driver info: chromedriver=2.39.562718 (9a2698cba08cf5a471a29d30c8b3e12becabb0e9),platform=Windows NT 10.0.18362 x86_64) (WARNING: The server did not provide any stacktrace information)
Command duration or timeout: 0 milliseconds
For documentation on this error, please visit: https://www.seleniumhq.org/exceptions/no_such_element.html
Build info: version: &amp;apos;3.141.59&amp;apos;, revision: &amp;apos;e82be7d358&amp;apos;, time: &amp;apos;2018-11-14T08:25:53&amp;apos;
System info: host: &amp;apos;SANGEETHA-PC&amp;apos;, ip: &amp;apos;192.168.225.221&amp;apos;, os.name: &amp;apos;Windows 10&amp;apos;, os.arch: &amp;apos;amd64&amp;apos;, os.version: &amp;apos;10.0&amp;apos;, java.version: &amp;apos;1.8.0_202&amp;apos;
Driver info: org.openqa.selenium.chrome.ChromeDriver
Capabilities {acceptInsecureCerts: false, acceptSslCerts: false, applicationCacheEnabled: false, browserConnectionEnabled: false, browserName: chrome, chrome: {chromedriverVersion: 2.39.562718 (9a2698cba08cf5..., userDataDir: C:\Users\HP\AppData\Local\T...}, cssSelectorsEnabled: true, databaseEnabled: false, handlesAlerts: true, hasTouchScreen: false, javascriptEnabled: true, locationContextEnabled: true, mobileEmulationEnabled: false, nativeEvents: true, networkConnectionEnabled: false, pageLoadStrategy: normal, platform: XP, platformName: XP, rotatable: false, setWindowRect: true, takesHeapSnapshot: true, takesScreenshot: true, unexpectedAlertBehaviour: , unhandledPromptBehavior: , version: 84.0.4147.125, webStorageEnabled: true}
Session ID: ceca41c2428a4c40fe24060d38fd9c58
*** Element info: {Using=xpath, value=//div[contains(text(),&amp;apos;Staff account created successfully, an activation email has been send to the registered email address.&amp;apos;)]}">
      <![CDATA[org.openqa.selenium.NoSuchElementException: no such element: Unable to locate element: {"method":"xpath","selector":"//div[contains(text(),'Staff account created successfully, an activation email has been send to the registered email address.')]"}
  (Session info: chrome=84.0.4147.125)
  (Driver info: chromedriver=2.39.562718 (9a2698cba08cf5a471a29d30c8b3e12becabb0e9),platform=Windows NT 10.0.18362 x86_64) (WARNING: The server did not provide any stacktrace information)
Command duration or timeout: 0 milliseconds
For documentation on this error, please visit: https://www.seleniumhq.org/exceptions/no_such_element.html
Build info: version: '3.141.59', revision: 'e82be7d358', time: '2018-11-14T08:25:53'
System info: host: 'SANGEETHA-PC', ip: '192.168.225.221', os.name: 'Windows 10', os.arch: 'amd64', os.version: '10.0', java.version: '1.8.0_202'
Driver info: org.openqa.selenium.chrome.ChromeDriver
Capabilities {acceptInsecureCerts: false, acceptSslCerts: false, applicationCacheEnabled: false, browserConnectionEnabled: false, browserName: chrome, chrome: {chromedriverVersion: 2.39.562718 (9a2698cba08cf5..., userDataDir: C:\Users\HP\AppData\Local\T...}, cssSelectorsEnabled: true, databaseEnabled: false, handlesAlerts: true, hasTouchScreen: false, javascriptEnabled: true, locationContextEnabled: true, mobileEmulationEnabled: false, nativeEvents: true, networkConnectionEnabled: false, pageLoadStrategy: normal, platform: XP, platformName: XP, rotatable: false, setWindowRect: true, takesHeapSnapshot: true, takesScreenshot: true, unexpectedAlertBehaviour: , unhandledPromptBehavior: , version: 84.0.4147.125, webStorageEnabled: true}
Session ID: ceca41c2428a4c40fe24060d38fd9c58
*** Element info: {Using=xpath, value=//div[contains(text(),'Staff account created successfully, an activation email has been send to the registered email address.')]}
at org.openqa.selenium.remote.ErrorHandler.createThrowable(ErrorHandler.java:214)
at org.openqa.selenium.remote.ErrorHandler.throwIfResponseFailed(ErrorHandler.java:166)
at org.openqa.selenium.remote.http.JsonHttpResponseCodec.reconstructValue(JsonHttpResponseCodec.java:40)
at org.openqa.selenium.remote.http.AbstractHttpResponseCodec.decode(AbstractHttpResponseCodec.java:80)
at org.openqa.selenium.remote.http.AbstractHttpResponseCodec.decode(AbstractHttpResponseCodec.java:44)
at org.openqa.selenium.remote.HttpCommandExecutor.execute(HttpCommandExecutor.java:158)
at org.openqa.selenium.remote.service.DriverCommandExecutor.execute(DriverCommandExecutor.java:83)
at org.openqa.selenium.remote.RemoteWebDriver.execute(RemoteWebDriver.java:552)
at org.openqa.selenium.remote.RemoteWebDriver.findElement(RemoteWebDriver.java:323)
at org.openqa.selenium.remote.RemoteWebDriver.findElementByXPath(RemoteWebDriver.java:428)
at org.openqa.selenium.By$ByXPath.findElement(By.java:353)
at org.openqa.selenium.remote.RemoteWebDriver.findElement(RemoteWebDriver.java:315)
at utility.GenericMEthods.isDisplayed(GenericMEthods.java:222)
at Test.AudienceTest.validateTC_AI_087(AudienceTest.java:1058)
... Removed 29 stack frames]]>
    </failure>
  </testcase> <!-- validateTC_AI_087 -->
  <testcase name="vaidateTC_AI_089" time="58.203" classname="Test.AudienceTest">
    <failure type="org.openqa.selenium.NoSuchElementException" message="no such element: Unable to locate element: {&amp;quot;method&amp;quot;:&amp;quot;xpath&amp;quot;,&amp;quot;selector&amp;quot;:&amp;quot;//input[@placeholder=&amp;apos;Staff ID&amp;apos;]&amp;quot;}
  (Session info: chrome=84.0.4147.125)
  (Driver info: chromedriver=2.39.562718 (9a2698cba08cf5a471a29d30c8b3e12becabb0e9),platform=Windows NT 10.0.18362 x86_64) (WARNING: The server did not provide any stacktrace information)
Command duration or timeout: 0 milliseconds
For documentation on this error, please visit: https://www.seleniumhq.org/exceptions/no_such_element.html
Build info: version: &amp;apos;3.141.59&amp;apos;, revision: &amp;apos;e82be7d358&amp;apos;, time: &amp;apos;2018-11-14T08:25:53&amp;apos;
System info: host: &amp;apos;SANGEETHA-PC&amp;apos;, ip: &amp;apos;192.168.225.221&amp;apos;, os.name: &amp;apos;Windows 10&amp;apos;, os.arch: &amp;apos;amd64&amp;apos;, os.version: &amp;apos;10.0&amp;apos;, java.version: &amp;apos;1.8.0_202&amp;apos;
Driver info: org.openqa.selenium.chrome.ChromeDriver
Capabilities {acceptInsecureCerts: false, acceptSslCerts: false, applicationCacheEnabled: false, browserConnectionEnabled: false, browserName: chrome, chrome: {chromedriverVersion: 2.39.562718 (9a2698cba08cf5..., userDataDir: C:\Users\HP\AppData\Local\T...}, cssSelectorsEnabled: true, databaseEnabled: false, handlesAlerts: true, hasTouchScreen: false, javascriptEnabled: true, locationContextEnabled: true, mobileEmulationEnabled: false, nativeEvents: true, networkConnectionEnabled: false, pageLoadStrategy: normal, platform: XP, platformName: XP, rotatable: false, setWindowRect: true, takesHeapSnapshot: true, takesScreenshot: true, unexpectedAlertBehaviour: , unhandledPromptBehavior: , version: 84.0.4147.125, webStorageEnabled: true}
Session ID: 18a23d185448a4c66111b994b7fe056f
*** Element info: {Using=xpath, value=//input[@placeholder=&amp;apos;Staff ID&amp;apos;]}">
      <![CDATA[org.openqa.selenium.NoSuchElementException: no such element: Unable to locate element: {"method":"xpath","selector":"//input[@placeholder='Staff ID']"}
  (Session info: chrome=84.0.4147.125)
  (Driver info: chromedriver=2.39.562718 (9a2698cba08cf5a471a29d30c8b3e12becabb0e9),platform=Windows NT 10.0.18362 x86_64) (WARNING: The server did not provide any stacktrace information)
Command duration or timeout: 0 milliseconds
For documentation on this error, please visit: https://www.seleniumhq.org/exceptions/no_such_element.html
Build info: version: '3.141.59', revision: 'e82be7d358', time: '2018-11-14T08:25:53'
System info: host: 'SANGEETHA-PC', ip: '192.168.225.221', os.name: 'Windows 10', os.arch: 'amd64', os.version: '10.0', java.version: '1.8.0_202'
Driver info: org.openqa.selenium.chrome.ChromeDriver
Capabilities {acceptInsecureCerts: false, acceptSslCerts: false, applicationCacheEnabled: false, browserConnectionEnabled: false, browserName: chrome, chrome: {chromedriverVersion: 2.39.562718 (9a2698cba08cf5..., userDataDir: C:\Users\HP\AppData\Local\T...}, cssSelectorsEnabled: true, databaseEnabled: false, handlesAlerts: true, hasTouchScreen: false, javascriptEnabled: true, locationContextEnabled: true, mobileEmulationEnabled: false, nativeEvents: true, networkConnectionEnabled: false, pageLoadStrategy: normal, platform: XP, platformName: XP, rotatable: false, setWindowRect: true, takesHeapSnapshot: true, takesScreenshot: true, unexpectedAlertBehaviour: , unhandledPromptBehavior: , version: 84.0.4147.125, webStorageEnabled: true}
Session ID: 18a23d185448a4c66111b994b7fe056f
*** Element info: {Using=xpath, value=//input[@placeholder='Staff ID']}
at org.openqa.selenium.remote.ErrorHandler.createThrowable(ErrorHandler.java:214)
at org.openqa.selenium.remote.ErrorHandler.throwIfResponseFailed(ErrorHandler.java:166)
at org.openqa.selenium.remote.http.JsonHttpResponseCodec.reconstructValue(JsonHttpResponseCodec.java:40)
at org.openqa.selenium.remote.http.AbstractHttpResponseCodec.decode(AbstractHttpResponseCodec.java:80)
at org.openqa.selenium.remote.http.AbstractHttpResponseCodec.decode(AbstractHttpResponseCodec.java:44)
at org.openqa.selenium.remote.HttpCommandExecutor.execute(HttpCommandExecutor.java:158)
at org.openqa.selenium.remote.service.DriverCommandExecutor.execute(DriverCommandExecutor.java:83)
at org.openqa.selenium.remote.RemoteWebDriver.execute(RemoteWebDriver.java:552)
at org.openqa.selenium.remote.RemoteWebDriver.findElement(RemoteWebDriver.java:323)
at org.openqa.selenium.remote.RemoteWebDriver.findElementByXPath(RemoteWebDriver.java:428)
at org.openqa.selenium.By$ByXPath.findElement(By.java:353)
at org.openqa.selenium.remote.RemoteWebDriver.findElement(RemoteWebDriver.java:315)
at utility.GenericMEthods.getText(GenericMEthods.java:196)
at Test.AudienceTest.vaidateTC_AI_089(AudienceTest.java:1191)
... Removed 28 stack frames]]>
    </failure>
  </testcase> <!-- vaidateTC_AI_089 -->
  <testcase name="vaidateTC_AG_008" time="0.0" classname="Test.AudienceTest">
    <ignored/>
  </testcase> <!-- vaidateTC_AG_008 -->
  <testcase name="validateTC_AP_029" time="0.0" classname="Test.AudienceTest">
    <ignored/>
  </testcase> <!-- validateTC_AP_029 -->
  <testcase name="vaidateTC_AI_051" time="0.0" classname="Test.AudienceTest">
    <ignored/>
  </testcase> <!-- vaidateTC_AI_051 -->
  <testcase name="vaidateTC_AG_013" time="0.0" classname="Test.AudienceTest">
    <ignored/>
  </testcase> <!-- vaidateTC_AG_013 -->
  <testcase name="vaidateTC_AI_091" time="0.0" classname="Test.AudienceTest">
    <ignored/>
  </testcase> <!-- vaidateTC_AI_091 -->
  <testcase name="vaidateTC_AP_006" time="0.0" classname="Test.AudienceTest">
    <ignored/>
  </testcase> <!-- vaidateTC_AP_006 -->
  <testcase name="vaidateTC_AP_007" time="0.0" classname="Test.AudienceTest">
    <ignored/>
  </testcase> <!-- vaidateTC_AP_007 -->
  <testcase name="vaidateTC_AP_027" time="0.0" classname="Test.AudienceTest">
    <ignored/>
  </testcase> <!-- vaidateTC_AP_027 -->
  <testcase name="validateTC_AI_086" time="0.0" classname="Test.AudienceTest">
    <ignored/>
  </testcase> <!-- validateTC_AI_086 -->
  <testcase name="vaidateTC_AG_011" time="0.0" classname="Test.AudienceTest">
    <ignored/>
  </testcase> <!-- vaidateTC_AG_011 -->
  <testcase name="vaidateTC_AG_033" time="0.0" classname="Test.AudienceTest">
    <ignored/>
  </testcase> <!-- vaidateTC_AG_033 -->
  <testcase name="vaidateTC_AG_015" time="0.0" classname="Test.AudienceTest">
    <ignored/>
  </testcase> <!-- vaidateTC_AG_015 -->
  <testcase name="vaidateTC_AG_014" time="0.0" classname="Test.AudienceTest">
    <ignored/>
  </testcase> <!-- vaidateTC_AG_014 -->
  <testcase name="vaidateTC_AG_016" time="0.0" classname="Test.AudienceTest">
    <ignored/>
  </testcase> <!-- vaidateTC_AG_016 -->
  <testcase name="vaidateTC_AP_032" time="0.0" classname="Test.AudienceTest">
    <ignored/>
  </testcase> <!-- vaidateTC_AP_032 -->
  <testcase name="vaidateTC_AP_010" time="0.0" classname="Test.AudienceTest">
    <ignored/>
  </testcase> <!-- vaidateTC_AP_010 -->
  <testcase name="vaidateTC_AI_020" time="0.0" classname="Test.AudienceTest">
    <ignored/>
  </testcase> <!-- vaidateTC_AI_020 -->
  <testcase name="vaidateTC_AP_013" time="0.0" classname="Test.AudienceTest">
    <ignored/>
  </testcase> <!-- vaidateTC_AP_013 -->
  <testcase name="vaidateTC_AP_036" time="0.0" classname="Test.AudienceTest">
    <ignored/>
  </testcase> <!-- vaidateTC_AP_036 -->
  <testcase name="vaidateTC_AP_014" time="0.0" classname="Test.AudienceTest">
    <ignored/>
  </testcase> <!-- vaidateTC_AP_014 -->
  <testcase name="vaidateTC_AP_033" time="0.0" classname="Test.AudienceTest">
    <ignored/>
  </testcase> <!-- vaidateTC_AP_033 -->
  <testcase name="vaidateTC_AP_011" time="0.0" classname="Test.AudienceTest">
    <ignored/>
  </testcase> <!-- vaidateTC_AP_011 -->
  <testcase name="vaidateTC_AP_012" time="0.0" classname="Test.AudienceTest">
    <ignored/>
  </testcase> <!-- vaidateTC_AP_012 -->
  <testcase name="vaidateTC_AP_034" time="0.0" classname="Test.AudienceTest">
    <ignored/>
  </testcase> <!-- vaidateTC_AP_034 -->
  <testcase name="vaidateTC_AP_018" time="0.0" classname="Test.AudienceTest">
    <ignored/>
  </testcase> <!-- vaidateTC_AP_018 -->
  <testcase name="validateTC_AI_073" time="0.0" classname="Test.AudienceTest">
    <ignored/>
  </testcase> <!-- validateTC_AI_073 -->
  <testcase name="validateTC_AI_074" time="0.0" classname="Test.AudienceTest">
    <ignored/>
  </testcase> <!-- validateTC_AI_074 -->
  <testcase name="validateTC_AG_021" time="0.0" classname="Test.AudienceTest">
    <ignored/>
  </testcase> <!-- validateTC_AG_021 -->
  <testcase name="vaidateTC_AG_022" time="0.0" classname="Test.AudienceTest">
    <ignored/>
  </testcase> <!-- vaidateTC_AG_022 -->
  <testcase name="vaidateTC_AG_023" time="0.0" classname="Test.AudienceTest">
    <ignored/>
  </testcase> <!-- vaidateTC_AG_023 -->
  <testcase name="vaidateTC_AG_025" time="0.0" classname="Test.AudienceTest">
    <ignored/>
  </testcase> <!-- vaidateTC_AG_025 -->
</testsuite> <!-- Test(failed)(failed) -->
